<?xml version="1.0" encoding="UTF-8"?>
<!-- Generated by org.testng.reporters.JUnitReportReporter -->
<testsuite skipped="0" hostname="LAPTOP-P7ODROTG" name="com.employeeAPI.testCases.TC002_Get_Single_Employees_Record" tests="7" failures="0" timestamp="2021-12-26T15:50:40 GMT" time="0.011" errors="0">
  <testcase name="checkResponseBody" time="0.002" classname="com.employeeAPI.testCases.TC002_Get_Single_Employees_Record"/>
  <system-out/>
  <testcase name="checkContentType" time="0.001" classname="com.employeeAPI.testCases.TC002_Get_Single_Employees_Record"/>
  <system-out/>
  <testcase name="checkStatuscode" time="0.002" classname="com.employeeAPI.testCases.TC002_Get_Single_Employees_Record"/>
  <system-out/>
  <testcase name="checkContentLength" time="0.003" classname="com.employeeAPI.testCases.TC002_Get_Single_Employees_Record"/>
  <system-out/>
  <testcase name="checkServerType" time="0.001" classname="com.employeeAPI.testCases.TC002_Get_Single_Employees_Record"/>
  <system-out/>
  <testcase name="checkResponseTime" time="0.001" classname="com.employeeAPI.testCases.TC002_Get_Single_Employees_Record"/>
  <system-out/>
  <testcase name="checkStatusLine" time="0.001" classname="com.employeeAPI.testCases.TC002_Get_Single_Employees_Record"/>
  <system-out/>
</testsuite> <!-- com.employeeAPI.testCases.TC002_Get_Single_Employees_Record -->
